<?xml version="1.0" encoding="UTF-8"?>
<coverage generated="1636401971135" clover="3.2.0">
  <project timestamp="1636401971135" name="All files">
    <metrics statements="14" coveredstatements="13" conditionals="7" coveredconditionals="5" methods="4" coveredmethods="3" elements="25" coveredelements="21" complexity="0" loc="14" ncloc="14" packages="2" files="3" classes="3"/>
    <package name="components">
      <metrics statements="13" coveredstatements="12" conditionals="7" coveredconditionals="5" methods="4" coveredmethods="3"/>
      <file name="Note.js" path="/Users/javiergarciapulido/Desktop/dev/miduBootcamp/part2/clase4/src/components/Note.js">
        <metrics statements="3" coveredstatements="3" conditionals="2" coveredconditionals="1" methods="1" coveredmethods="1"/>
        <line num="3" count="1" type="stmt"/>
        <line num="4" count="2" type="cond" truecount="1" falsecount="1"/>
        <line num="8" count="2" type="stmt"/>
      </file>
      <file name="Toggable.js" path="/Users/javiergarciapulido/Desktop/dev/miduBootcamp/part2/clase4/src/components/Toggable.js">
        <metrics statements="10" coveredstatements="9" conditionals="5" coveredconditionals="4" methods="3" coveredmethods="2"/>
        <line num="5" count="1" type="cond" truecount="0" falsecount="1"/>
        <line num="6" count="7" type="stmt"/>
        <line num="8" count="7" type="cond" truecount="2" falsecount="0"/>
        <line num="9" count="7" type="cond" truecount="2" falsecount="0"/>
        <line num="11" count="7" type="stmt"/>
        <line num="13" count="7" type="stmt"/>
        <line num="14" count="0" type="stmt"/>
        <line num="19" count="7" type="stmt"/>
        <line num="32" count="1" type="stmt"/>
        <line num="34" count="1" type="stmt"/>
      </file>
    </package>
    <package name="i18n">
      <metrics statements="1" coveredstatements="1" conditionals="0" coveredconditionals="0" methods="0" coveredmethods="0"/>
      <file name="index.js" path="/Users/javiergarciapulido/Desktop/dev/miduBootcamp/part2/clase4/src/i18n/index.js">
        <metrics statements="1" coveredstatements="1" conditionals="0" coveredconditionals="0" methods="0" coveredmethods="0"/>
        <line num="1" count="1" type="stmt"/>
      </file>
    </package>
  </project>
</coverage>
