{"/Users/javiergarciapulido/Desktop/dev/miduBootcamp/part2/clase4/src/components/Note.js": {"path":"/Users/javiergarciapulido/Desktop/dev/miduBootcamp/part2/clase4/src/components/Note.js","statementMap":{"0":{"start":{"line":3,"column":13},"end":{"line":14,"column":1}},"1":{"start":{"line":4,"column":16},"end":{"line":6,"column":22}},"2":{"start":{"line":8,"column":2},"end":{"line":13,"column":3}}},"fnMap":{"0":{"name":"(anonymous_0)","decl":{"start":{"line":3,"column":13},"end":{"line":3,"column":14}},"loc":{"start":{"line":3,"column":45},"end":{"line":14,"column":1}},"line":3}},"branchMap":{"0":{"loc":{"start":{"line":4,"column":16},"end":{"line":6,"column":22}},"type":"cond-expr","locations":[{"start":{"line":5,"column":6},"end":{"line":5,"column":26}},{"start":{"line":6,"column":6},"end":{"line":6,"column":22}}],"line":4}},"s":{"0":1,"1":2,"2":2},"f":{"0":2},"b":{"0":[2,0]},"_coverageSchema":"1a1c01bbd47fc00a2c39e90264f33305004495a9","hash":"14a2230bb8445ff678347404f1f7b22408c0b7b8"}
,"/Users/javiergarciapulido/Desktop/dev/miduBootcamp/part2/clase4/src/components/Toggable.js": {"path":"/Users/javiergarciapulido/Desktop/dev/miduBootcamp/part2/clase4/src/components/Toggable.js","statementMap":{"0":{"start":{"line":5,"column":17},"end":{"line":30,"column":2}},"1":{"start":{"line":6,"column":34},"end":{"line":6,"column":49}},"2":{"start":{"line":8,"column":28},"end":{"line":8,"column":62}},"3":{"start":{"line":9,"column":28},"end":{"line":9,"column":62}},"4":{"start":{"line":11,"column":29},"end":{"line":11,"column":55}},"5":{"start":{"line":11,"column":35},"end":{"line":11,"column":55}},"6":{"start":{"line":13,"column":4},"end":{"line":17,"column":6}},"7":{"start":{"line":14,"column":8},"end":{"line":16,"column":9}},"8":{"start":{"line":19,"column":4},"end":{"line":29,"column":5}},"9":{"start":{"line":32,"column":0},"end":{"line":32,"column":33}},"10":{"start":{"line":34,"column":0},"end":{"line":36,"column":1}}},"fnMap":{"0":{"name":"(anonymous_0)","decl":{"start":{"line":5,"column":28},"end":{"line":5,"column":29}},"loc":{"start":{"line":5,"column":71},"end":{"line":30,"column":1}},"line":5},"1":{"name":"(anonymous_1)","decl":{"start":{"line":11,"column":29},"end":{"line":11,"column":30}},"loc":{"start":{"line":11,"column":35},"end":{"line":11,"column":55}},"line":11},"2":{"name":"(anonymous_2)","decl":{"start":{"line":13,"column":29},"end":{"line":13,"column":30}},"loc":{"start":{"line":13,"column":35},"end":{"line":17,"column":5}},"line":13}},"branchMap":{"0":{"loc":{"start":{"line":5,"column":40},"end":{"line":5,"column":60}},"type":"default-arg","locations":[{"start":{"line":5,"column":54},"end":{"line":5,"column":60}}],"line":5},"1":{"loc":{"start":{"line":8,"column":39},"end":{"line":8,"column":60}},"type":"cond-expr","locations":[{"start":{"line":8,"column":49},"end":{"line":8,"column":55}},{"start":{"line":8,"column":58},"end":{"line":8,"column":60}}],"line":8},"2":{"loc":{"start":{"line":9,"column":39},"end":{"line":9,"column":60}},"type":"cond-expr","locations":[{"start":{"line":9,"column":49},"end":{"line":9,"column":51}},{"start":{"line":9,"column":54},"end":{"line":9,"column":60}}],"line":9}},"s":{"0":1,"1":7,"2":7,"3":7,"4":7,"5":3,"6":7,"7":0,"8":7,"9":1,"10":1},"f":{"0":7,"1":3,"2":0},"b":{"0":[0],"1":[2,5],"2":[2,5]},"_coverageSchema":"1a1c01bbd47fc00a2c39e90264f33305004495a9","hash":"e1f2d268568b0c8c0b2b40a2d5436b0d4a38bcfe"}
,"/Users/javiergarciapulido/Desktop/dev/miduBootcamp/part2/clase4/src/i18n/index.js": {"path":"/Users/javiergarciapulido/Desktop/dev/miduBootcamp/part2/clase4/src/i18n/index.js","statementMap":{"0":{"start":{"line":1,"column":18},"end":{"line":5,"column":1}}},"fnMap":{},"branchMap":{},"s":{"0":1},"f":{},"b":{},"_coverageSchema":"1a1c01bbd47fc00a2c39e90264f33305004495a9","hash":"39ab7925064cb9567fa1d516178ab333eb3913f3"}
}
