TN:
SF:src/components/Note.js
FN:3,(anonymous_0)
FNF:1
FNH:1
FNDA:2,(anonymous_0)
DA:3,1
DA:4,2
DA:8,2
LF:3
LH:3
BRDA:4,0,0,2
BRDA:4,0,1,0
BRF:2
BRH:1
end_of_record
TN:
SF:src/components/Toggable.js
FN:5,(anonymous_0)
FN:11,(anonymous_1)
FN:13,(anonymous_2)
FNF:3
FNH:2
FNDA:7,(anonymous_0)
FNDA:3,(anonymous_1)
FNDA:0,(anonymous_2)
DA:5,1
DA:6,7
DA:8,7
DA:9,7
DA:11,7
DA:13,7
DA:14,0
DA:19,7
DA:32,1
DA:34,1
LF:10
LH:9
BRDA:5,0,0,0
BRDA:8,1,0,2
BRDA:8,1,1,5
BRDA:9,2,0,2
BRDA:9,2,1,5
BRF:5
BRH:4
end_of_record
TN:
SF:src/i18n/index.js
FNF:0
FNH:0
DA:1,1
LF:1
LH:1
BRF:0
BRH:0
end_of_record
